<?xml version="1.0" encoding="UTF-8"?>
<!-- Generated by org.testng.reporters.JUnitXMLReporter -->
<testsuite ignored="0" hostname="DESKTOP-46IBGML" failures="1" tests="1" name="Test Edge" time="201.568" errors="0" timestamp="2022-12-07T09:52:22 IST">
  <testcase classname="com.qa.Testscripts.TC_Gmail_01" name="start" time="22.353">
    <failure type="java.lang.NullPointerException" message="Cannot invoke &amp;quot;org.openqa.selenium.WebElement.click()&amp;quot; because &amp;quot;com.qa.pages.Gmail.create&amp;quot; is null">
      <![CDATA[java.lang.NullPointerException: Cannot invoke "org.openqa.selenium.WebElement.click()" because "com.qa.pages.Gmail.create" is null
at com.qa.Testscripts.TC_Gmail_01.start(TC_Gmail_01.java:18)
at java.base/java.util.concurrent.ThreadPoolExecutor.runWorker(ThreadPoolExecutor.java:1136)
at java.base/java.util.concurrent.ThreadPoolExecutor$Worker.run(ThreadPoolExecutor.java:635)
at java.base/java.lang.Thread.run(Thread.java:833)
... Removed 12 stack frames]]>
    </failure>
  </testcase> <!-- start -->
</testsuite> <!-- Test Edge -->
